The system is: Linux - 3.13.0-34-generic - x86_64
Compiling the C compiler identification source file "CMakeCCompilerId.c" succeeded.
Compiler: /usr/bin/cc 
Build flags: 
Id flags: 

The output was:
0


Compilation of the C compiler identification source "CMakeCCompilerId.c" produced "a.out"

The C compiler identification is GNU, found in "/home/yufeng/research/others/compass/CMakeFiles/2.8.12.2/CompilerIdC/a.out"

Compiling the CXX compiler identification source file "CMakeCXXCompilerId.cpp" succeeded.
Compiler: /usr/bin/c++ 
Build flags: -std=c++0x;-O2;-mtune=native;-march=native;-ftree-vectorize;-funroll-loops;-fstrict-aliasing;;-fno-stack-protector;-ffast-math;-mfpmath=sse;-msse3;-Wall;-fmessage-length=0;-g;
Id flags: 

The output was:
0


Compilation of the CXX compiler identification source "CMakeCXXCompilerId.cpp" produced "a.out"

The CXX compiler identification is GNU, found in "/home/yufeng/research/others/compass/CMakeFiles/2.8.12.2/CompilerIdCXX/a.out"

Determining if the C compiler works passed with the following output:
Change Dir: /home/yufeng/research/others/compass/CMakeFiles/CMakeTmp

Run Build Command:/usr/bin/make "cmTryCompileExec2223899982/fast"
/usr/bin/make -f CMakeFiles/cmTryCompileExec2223899982.dir/build.make CMakeFiles/cmTryCompileExec2223899982.dir/build
make[1]: Entering directory `/home/yufeng/research/others/compass/CMakeFiles/CMakeTmp'
/usr/bin/cmake -E cmake_progress_report /home/yufeng/research/others/compass/CMakeFiles/CMakeTmp/CMakeFiles 1
Building C object CMakeFiles/cmTryCompileExec2223899982.dir/testCCompiler.c.o
/usr/bin/cc    -o CMakeFiles/cmTryCompileExec2223899982.dir/testCCompiler.c.o   -c /home/yufeng/research/others/compass/CMakeFiles/CMakeTmp/testCCompiler.c
Linking C executable cmTryCompileExec2223899982
/usr/bin/cmake -E cmake_link_script CMakeFiles/cmTryCompileExec2223899982.dir/link.txt --verbose=1
/usr/bin/cc       CMakeFiles/cmTryCompileExec2223899982.dir/testCCompiler.c.o  -o cmTryCompileExec2223899982 -rdynamic 
make[1]: Leaving directory `/home/yufeng/research/others/compass/CMakeFiles/CMakeTmp'


Detecting C compiler ABI info compiled with the following output:
Change Dir: /home/yufeng/research/others/compass/CMakeFiles/CMakeTmp

Run Build Command:/usr/bin/make "cmTryCompileExec2869030446/fast"
/usr/bin/make -f CMakeFiles/cmTryCompileExec2869030446.dir/build.make CMakeFiles/cmTryCompileExec2869030446.dir/build
make[1]: Entering directory `/home/yufeng/research/others/compass/CMakeFiles/CMakeTmp'
/usr/bin/cmake -E cmake_progress_report /home/yufeng/research/others/compass/CMakeFiles/CMakeTmp/CMakeFiles 1
Building C object CMakeFiles/cmTryCompileExec2869030446.dir/CMakeCCompilerABI.c.o
/usr/bin/cc    -o CMakeFiles/cmTryCompileExec2869030446.dir/CMakeCCompilerABI.c.o   -c /usr/share/cmake-2.8/Modules/CMakeCCompilerABI.c
Linking C executable cmTryCompileExec2869030446
/usr/bin/cmake -E cmake_link_script CMakeFiles/cmTryCompileExec2869030446.dir/link.txt --verbose=1
/usr/bin/cc     -v CMakeFiles/cmTryCompileExec2869030446.dir/CMakeCCompilerABI.c.o  -o cmTryCompileExec2869030446 -rdynamic  
Using built-in specs.
COLLECT_GCC=/usr/bin/cc
COLLECT_LTO_WRAPPER=/usr/lib/gcc/x86_64-linux-gnu/4.8/lto-wrapper
Target: x86_64-linux-gnu
Configured with: ../src/configure -v --with-pkgversion='Ubuntu 4.8.2-19ubuntu1' --with-bugurl=file:///usr/share/doc/gcc-4.8/README.Bugs --enable-languages=c,c++,java,go,d,fortran,objc,obj-c++ --prefix=/usr --program-suffix=-4.8 --enable-shared --enable-linker-build-id --libexecdir=/usr/lib --without-included-gettext --enable-threads=posix --with-gxx-include-dir=/usr/include/c++/4.8 --libdir=/usr/lib --enable-nls --with-sysroot=/ --enable-clocale=gnu --enable-libstdcxx-debug --enable-libstdcxx-time=yes --enable-gnu-unique-object --disable-libmudflap --enable-plugin --with-system-zlib --disable-browser-plugin --enable-java-awt=gtk --enable-gtk-cairo --with-java-home=/usr/lib/jvm/java-1.5.0-gcj-4.8-amd64/jre --enable-java-home --with-jvm-root-dir=/usr/lib/jvm/java-1.5.0-gcj-4.8-amd64 --with-jvm-jar-dir=/usr/lib/jvm-exports/java-1.5.0-gcj-4.8-amd64 --with-arch-directory=amd64 --with-ecj-jar=/usr/share/java/eclipse-ecj.jar --enable-objc-gc --enable-multiarch --disable-werror --with-arch-32=i686 --with-abi=m64 --with-multilib-list=m32,m64,mx32 --with-tune=generic --enable-checking=release --build=x86_64-linux-gnu --host=x86_64-linux-gnu --target=x86_64-linux-gnu
Thread model: posix
gcc version 4.8.2 (Ubuntu 4.8.2-19ubuntu1) 
COMPILER_PATH=/usr/lib/gcc/x86_64-linux-gnu/4.8/:/usr/lib/gcc/x86_64-linux-gnu/4.8/:/usr/lib/gcc/x86_64-linux-gnu/:/usr/lib/gcc/x86_64-linux-gnu/4.8/:/usr/lib/gcc/x86_64-linux-gnu/
LIBRARY_PATH=/usr/lib/gcc/x86_64-linux-gnu/4.8/:/usr/lib/gcc/x86_64-linux-gnu/4.8/../../../x86_64-linux-gnu/:/usr/lib/gcc/x86_64-linux-gnu/4.8/../../../../lib/:/lib/x86_64-linux-gnu/:/lib/../lib/:/usr/lib/x86_64-linux-gnu/:/usr/lib/../lib/:/usr/lib/gcc/x86_64-linux-gnu/4.8/../../../:/lib/:/usr/lib/
COLLECT_GCC_OPTIONS='-v' '-o' 'cmTryCompileExec2869030446' '-rdynamic' '-mtune=generic' '-march=x86-64'
 /usr/lib/gcc/x86_64-linux-gnu/4.8/collect2 --sysroot=/ --build-id --eh-frame-hdr -m elf_x86_64 --hash-style=gnu --as-needed -export-dynamic -dynamic-linker /lib64/ld-linux-x86-64.so.2 -z relro -o cmTryCompileExec2869030446 /usr/lib/gcc/x86_64-linux-gnu/4.8/../../../x86_64-linux-gnu/crt1.o /usr/lib/gcc/x86_64-linux-gnu/4.8/../../../x86_64-linux-gnu/crti.o /usr/lib/gcc/x86_64-linux-gnu/4.8/crtbegin.o -L/usr/lib/gcc/x86_64-linux-gnu/4.8 -L/usr/lib/gcc/x86_64-linux-gnu/4.8/../../../x86_64-linux-gnu -L/usr/lib/gcc/x86_64-linux-gnu/4.8/../../../../lib -L/lib/x86_64-linux-gnu -L/lib/../lib -L/usr/lib/x86_64-linux-gnu -L/usr/lib/../lib -L/usr/lib/gcc/x86_64-linux-gnu/4.8/../../.. CMakeFiles/cmTryCompileExec2869030446.dir/CMakeCCompilerABI.c.o -lgcc --as-needed -lgcc_s --no-as-needed -lc -lgcc --as-needed -lgcc_s --no-as-needed /usr/lib/gcc/x86_64-linux-gnu/4.8/crtend.o /usr/lib/gcc/x86_64-linux-gnu/4.8/../../../x86_64-linux-gnu/crtn.o
make[1]: Leaving directory `/home/yufeng/research/others/compass/CMakeFiles/CMakeTmp'


Parsed C implicit link information from above output:
  link line regex: [^( *|.*[/\])(ld|([^/\]+-)?ld|collect2)[^/\]*( |$)]
  ignore line: [Change Dir: /home/yufeng/research/others/compass/CMakeFiles/CMakeTmp]
  ignore line: []
  ignore line: [Run Build Command:/usr/bin/make "cmTryCompileExec2869030446/fast"]
  ignore line: [/usr/bin/make -f CMakeFiles/cmTryCompileExec2869030446.dir/build.make CMakeFiles/cmTryCompileExec2869030446.dir/build]
  ignore line: [make[1]: Entering directory `/home/yufeng/research/others/compass/CMakeFiles/CMakeTmp']
  ignore line: [/usr/bin/cmake -E cmake_progress_report /home/yufeng/research/others/compass/CMakeFiles/CMakeTmp/CMakeFiles 1]
  ignore line: [Building C object CMakeFiles/cmTryCompileExec2869030446.dir/CMakeCCompilerABI.c.o]
  ignore line: [/usr/bin/cc    -o CMakeFiles/cmTryCompileExec2869030446.dir/CMakeCCompilerABI.c.o   -c /usr/share/cmake-2.8/Modules/CMakeCCompilerABI.c]
  ignore line: [Linking C executable cmTryCompileExec2869030446]
  ignore line: [/usr/bin/cmake -E cmake_link_script CMakeFiles/cmTryCompileExec2869030446.dir/link.txt --verbose=1]
  ignore line: [/usr/bin/cc     -v CMakeFiles/cmTryCompileExec2869030446.dir/CMakeCCompilerABI.c.o  -o cmTryCompileExec2869030446 -rdynamic  ]
  ignore line: [Using built-in specs.]
  ignore line: [COLLECT_GCC=/usr/bin/cc]
  ignore line: [COLLECT_LTO_WRAPPER=/usr/lib/gcc/x86_64-linux-gnu/4.8/lto-wrapper]
  ignore line: [Target: x86_64-linux-gnu]
  ignore line: [Configured with: ../src/configure -v --with-pkgversion='Ubuntu 4.8.2-19ubuntu1' --with-bugurl=file:///usr/share/doc/gcc-4.8/README.Bugs --enable-languages=c,c++,java,go,d,fortran,objc,obj-c++ --prefix=/usr --program-suffix=-4.8 --enable-shared --enable-linker-build-id --libexecdir=/usr/lib --without-included-gettext --enable-threads=posix --with-gxx-include-dir=/usr/include/c++/4.8 --libdir=/usr/lib --enable-nls --with-sysroot=/ --enable-clocale=gnu --enable-libstdcxx-debug --enable-libstdcxx-time=yes --enable-gnu-unique-object --disable-libmudflap --enable-plugin --with-system-zlib --disable-browser-plugin --enable-java-awt=gtk --enable-gtk-cairo --with-java-home=/usr/lib/jvm/java-1.5.0-gcj-4.8-amd64/jre --enable-java-home --with-jvm-root-dir=/usr/lib/jvm/java-1.5.0-gcj-4.8-amd64 --with-jvm-jar-dir=/usr/lib/jvm-exports/java-1.5.0-gcj-4.8-amd64 --with-arch-directory=amd64 --with-ecj-jar=/usr/share/java/eclipse-ecj.jar --enable-objc-gc --enable-multiarch --disable-werror --with-arch-32=i686 --with-abi=m64 --with-multilib-list=m32,m64,mx32 --with-tune=generic --enable-checking=release --build=x86_64-linux-gnu --host=x86_64-linux-gnu --target=x86_64-linux-gnu]
  ignore line: [Thread model: posix]
  ignore line: [gcc version 4.8.2 (Ubuntu 4.8.2-19ubuntu1) ]
  ignore line: [COMPILER_PATH=/usr/lib/gcc/x86_64-linux-gnu/4.8/:/usr/lib/gcc/x86_64-linux-gnu/4.8/:/usr/lib/gcc/x86_64-linux-gnu/:/usr/lib/gcc/x86_64-linux-gnu/4.8/:/usr/lib/gcc/x86_64-linux-gnu/]
  ignore line: [LIBRARY_PATH=/usr/lib/gcc/x86_64-linux-gnu/4.8/:/usr/lib/gcc/x86_64-linux-gnu/4.8/../../../x86_64-linux-gnu/:/usr/lib/gcc/x86_64-linux-gnu/4.8/../../../../lib/:/lib/x86_64-linux-gnu/:/lib/../lib/:/usr/lib/x86_64-linux-gnu/:/usr/lib/../lib/:/usr/lib/gcc/x86_64-linux-gnu/4.8/../../../:/lib/:/usr/lib/]
  ignore line: [COLLECT_GCC_OPTIONS='-v' '-o' 'cmTryCompileExec2869030446' '-rdynamic' '-mtune=generic' '-march=x86-64']
  link line: [ /usr/lib/gcc/x86_64-linux-gnu/4.8/collect2 --sysroot=/ --build-id --eh-frame-hdr -m elf_x86_64 --hash-style=gnu --as-needed -export-dynamic -dynamic-linker /lib64/ld-linux-x86-64.so.2 -z relro -o cmTryCompileExec2869030446 /usr/lib/gcc/x86_64-linux-gnu/4.8/../../../x86_64-linux-gnu/crt1.o /usr/lib/gcc/x86_64-linux-gnu/4.8/../../../x86_64-linux-gnu/crti.o /usr/lib/gcc/x86_64-linux-gnu/4.8/crtbegin.o -L/usr/lib/gcc/x86_64-linux-gnu/4.8 -L/usr/lib/gcc/x86_64-linux-gnu/4.8/../../../x86_64-linux-gnu -L/usr/lib/gcc/x86_64-linux-gnu/4.8/../../../../lib -L/lib/x86_64-linux-gnu -L/lib/../lib -L/usr/lib/x86_64-linux-gnu -L/usr/lib/../lib -L/usr/lib/gcc/x86_64-linux-gnu/4.8/../../.. CMakeFiles/cmTryCompileExec2869030446.dir/CMakeCCompilerABI.c.o -lgcc --as-needed -lgcc_s --no-as-needed -lc -lgcc --as-needed -lgcc_s --no-as-needed /usr/lib/gcc/x86_64-linux-gnu/4.8/crtend.o /usr/lib/gcc/x86_64-linux-gnu/4.8/../../../x86_64-linux-gnu/crtn.o]
    arg [/usr/lib/gcc/x86_64-linux-gnu/4.8/collect2] ==> ignore
    arg [--sysroot=/] ==> ignore
    arg [--build-id] ==> ignore
    arg [--eh-frame-hdr] ==> ignore
    arg [-m] ==> ignore
    arg [elf_x86_64] ==> ignore
    arg [--hash-style=gnu] ==> ignore
    arg [--as-needed] ==> ignore
    arg [-export-dynamic] ==> ignore
    arg [-dynamic-linker] ==> ignore
    arg [/lib64/ld-linux-x86-64.so.2] ==> ignore
    arg [-zrelro] ==> ignore
    arg [-o] ==> ignore
    arg [cmTryCompileExec2869030446] ==> ignore
    arg [/usr/lib/gcc/x86_64-linux-gnu/4.8/../../../x86_64-linux-gnu/crt1.o] ==> ignore
    arg [/usr/lib/gcc/x86_64-linux-gnu/4.8/../../../x86_64-linux-gnu/crti.o] ==> ignore
    arg [/usr/lib/gcc/x86_64-linux-gnu/4.8/crtbegin.o] ==> ignore
    arg [-L/usr/lib/gcc/x86_64-linux-gnu/4.8] ==> dir [/usr/lib/gcc/x86_64-linux-gnu/4.8]
    arg [-L/usr/lib/gcc/x86_64-linux-gnu/4.8/../../../x86_64-linux-gnu] ==> dir [/usr/lib/gcc/x86_64-linux-gnu/4.8/../../../x86_64-linux-gnu]
    arg [-L/usr/lib/gcc/x86_64-linux-gnu/4.8/../../../../lib] ==> dir [/usr/lib/gcc/x86_64-linux-gnu/4.8/../../../../lib]
    arg [-L/lib/x86_64-linux-gnu] ==> dir [/lib/x86_64-linux-gnu]
    arg [-L/lib/../lib] ==> dir [/lib/../lib]
    arg [-L/usr/lib/x86_64-linux-gnu] ==> dir [/usr/lib/x86_64-linux-gnu]
    arg [-L/usr/lib/../lib] ==> dir [/usr/lib/../lib]
    arg [-L/usr/lib/gcc/x86_64-linux-gnu/4.8/../../..] ==> dir [/usr/lib/gcc/x86_64-linux-gnu/4.8/../../..]
    arg [CMakeFiles/cmTryCompileExec2869030446.dir/CMakeCCompilerABI.c.o] ==> ignore
    arg [-lgcc] ==> lib [gcc]
    arg [--as-needed] ==> ignore
    arg [-lgcc_s] ==> lib [gcc_s]
    arg [--no-as-needed] ==> ignore
    arg [-lc] ==> lib [c]
    arg [-lgcc] ==> lib [gcc]
    arg [--as-needed] ==> ignore
    arg [-lgcc_s] ==> lib [gcc_s]
    arg [--no-as-needed] ==> ignore
    arg [/usr/lib/gcc/x86_64-linux-gnu/4.8/crtend.o] ==> ignore
    arg [/usr/lib/gcc/x86_64-linux-gnu/4.8/../../../x86_64-linux-gnu/crtn.o] ==> ignore
  remove lib [gcc]
  remove lib [gcc_s]
  remove lib [gcc]
  remove lib [gcc_s]
  collapse library dir [/usr/lib/gcc/x86_64-linux-gnu/4.8] ==> [/usr/lib/gcc/x86_64-linux-gnu/4.8]
  collapse library dir [/usr/lib/gcc/x86_64-linux-gnu/4.8/../../../x86_64-linux-gnu] ==> [/usr/lib/x86_64-linux-gnu]
  collapse library dir [/usr/lib/gcc/x86_64-linux-gnu/4.8/../../../../lib] ==> [/usr/lib]
  collapse library dir [/lib/x86_64-linux-gnu] ==> [/lib/x86_64-linux-gnu]
  collapse library dir [/lib/../lib] ==> [/lib]
  collapse library dir [/usr/lib/x86_64-linux-gnu] ==> [/usr/lib/x86_64-linux-gnu]
  collapse library dir [/usr/lib/../lib] ==> [/usr/lib]
  collapse library dir [/usr/lib/gcc/x86_64-linux-gnu/4.8/../../..] ==> [/usr/lib]
  implicit libs: [c]
  implicit dirs: [/usr/lib/gcc/x86_64-linux-gnu/4.8;/usr/lib/x86_64-linux-gnu;/usr/lib;/lib/x86_64-linux-gnu;/lib]
  implicit fwks: []


Determining if the CXX compiler works passed with the following output:
Change Dir: /home/yufeng/research/others/compass/CMakeFiles/CMakeTmp

Run Build Command:/usr/bin/make "cmTryCompileExec1066413880/fast"
/usr/bin/make -f CMakeFiles/cmTryCompileExec1066413880.dir/build.make CMakeFiles/cmTryCompileExec1066413880.dir/build
make[1]: Entering directory `/home/yufeng/research/others/compass/CMakeFiles/CMakeTmp'
/usr/bin/cmake -E cmake_progress_report /home/yufeng/research/others/compass/CMakeFiles/CMakeTmp/CMakeFiles 1
Building CXX object CMakeFiles/cmTryCompileExec1066413880.dir/testCXXCompiler.cxx.o
/usr/bin/c++     -o CMakeFiles/cmTryCompileExec1066413880.dir/testCXXCompiler.cxx.o -c /home/yufeng/research/others/compass/CMakeFiles/CMakeTmp/testCXXCompiler.cxx
Linking CXX executable cmTryCompileExec1066413880
/usr/bin/cmake -E cmake_link_script CMakeFiles/cmTryCompileExec1066413880.dir/link.txt --verbose=1
/usr/bin/c++        CMakeFiles/cmTryCompileExec1066413880.dir/testCXXCompiler.cxx.o  -o cmTryCompileExec1066413880 -rdynamic 
make[1]: Leaving directory `/home/yufeng/research/others/compass/CMakeFiles/CMakeTmp'


Detecting CXX compiler ABI info compiled with the following output:
Change Dir: /home/yufeng/research/others/compass/CMakeFiles/CMakeTmp

Run Build Command:/usr/bin/make "cmTryCompileExec3246683572/fast"
/usr/bin/make -f CMakeFiles/cmTryCompileExec3246683572.dir/build.make CMakeFiles/cmTryCompileExec3246683572.dir/build
make[1]: Entering directory `/home/yufeng/research/others/compass/CMakeFiles/CMakeTmp'
/usr/bin/cmake -E cmake_progress_report /home/yufeng/research/others/compass/CMakeFiles/CMakeTmp/CMakeFiles 1
Building CXX object CMakeFiles/cmTryCompileExec3246683572.dir/CMakeCXXCompilerABI.cpp.o
/usr/bin/c++     -o CMakeFiles/cmTryCompileExec3246683572.dir/CMakeCXXCompilerABI.cpp.o -c /usr/share/cmake-2.8/Modules/CMakeCXXCompilerABI.cpp
Linking CXX executable cmTryCompileExec3246683572
/usr/bin/cmake -E cmake_link_script CMakeFiles/cmTryCompileExec3246683572.dir/link.txt --verbose=1
/usr/bin/c++      -v CMakeFiles/cmTryCompileExec3246683572.dir/CMakeCXXCompilerABI.cpp.o  -o cmTryCompileExec3246683572 -rdynamic  
Using built-in specs.
COLLECT_GCC=/usr/bin/c++
COLLECT_LTO_WRAPPER=/usr/lib/gcc/x86_64-linux-gnu/4.8/lto-wrapper
Target: x86_64-linux-gnu
Configured with: ../src/configure -v --with-pkgversion='Ubuntu 4.8.2-19ubuntu1' --with-bugurl=file:///usr/share/doc/gcc-4.8/README.Bugs --enable-languages=c,c++,java,go,d,fortran,objc,obj-c++ --prefix=/usr --program-suffix=-4.8 --enable-shared --enable-linker-build-id --libexecdir=/usr/lib --without-included-gettext --enable-threads=posix --with-gxx-include-dir=/usr/include/c++/4.8 --libdir=/usr/lib --enable-nls --with-sysroot=/ --enable-clocale=gnu --enable-libstdcxx-debug --enable-libstdcxx-time=yes --enable-gnu-unique-object --disable-libmudflap --enable-plugin --with-system-zlib --disable-browser-plugin --enable-java-awt=gtk --enable-gtk-cairo --with-java-home=/usr/lib/jvm/java-1.5.0-gcj-4.8-amd64/jre --enable-java-home --with-jvm-root-dir=/usr/lib/jvm/java-1.5.0-gcj-4.8-amd64 --with-jvm-jar-dir=/usr/lib/jvm-exports/java-1.5.0-gcj-4.8-amd64 --with-arch-directory=amd64 --with-ecj-jar=/usr/share/java/eclipse-ecj.jar --enable-objc-gc --enable-multiarch --disable-werror --with-arch-32=i686 --with-abi=m64 --with-multilib-list=m32,m64,mx32 --with-tune=generic --enable-checking=release --build=x86_64-linux-gnu --host=x86_64-linux-gnu --target=x86_64-linux-gnu
Thread model: posix
gcc version 4.8.2 (Ubuntu 4.8.2-19ubuntu1) 
COMPILER_PATH=/usr/lib/gcc/x86_64-linux-gnu/4.8/:/usr/lib/gcc/x86_64-linux-gnu/4.8/:/usr/lib/gcc/x86_64-linux-gnu/:/usr/lib/gcc/x86_64-linux-gnu/4.8/:/usr/lib/gcc/x86_64-linux-gnu/
LIBRARY_PATH=/usr/lib/gcc/x86_64-linux-gnu/4.8/:/usr/lib/gcc/x86_64-linux-gnu/4.8/../../../x86_64-linux-gnu/:/usr/lib/gcc/x86_64-linux-gnu/4.8/../../../../lib/:/lib/x86_64-linux-gnu/:/lib/../lib/:/usr/lib/x86_64-linux-gnu/:/usr/lib/../lib/:/usr/lib/gcc/x86_64-linux-gnu/4.8/../../../:/lib/:/usr/lib/
COLLECT_GCC_OPTIONS='-v' '-o' 'cmTryCompileExec3246683572' '-rdynamic' '-shared-libgcc' '-mtune=generic' '-march=x86-64'
 /usr/lib/gcc/x86_64-linux-gnu/4.8/collect2 --sysroot=/ --build-id --eh-frame-hdr -m elf_x86_64 --hash-style=gnu --as-needed -export-dynamic -dynamic-linker /lib64/ld-linux-x86-64.so.2 -z relro -o cmTryCompileExec3246683572 /usr/lib/gcc/x86_64-linux-gnu/4.8/../../../x86_64-linux-gnu/crt1.o /usr/lib/gcc/x86_64-linux-gnu/4.8/../../../x86_64-linux-gnu/crti.o /usr/lib/gcc/x86_64-linux-gnu/4.8/crtbegin.o -L/usr/lib/gcc/x86_64-linux-gnu/4.8 -L/usr/lib/gcc/x86_64-linux-gnu/4.8/../../../x86_64-linux-gnu -L/usr/lib/gcc/x86_64-linux-gnu/4.8/../../../../lib -L/lib/x86_64-linux-gnu -L/lib/../lib -L/usr/lib/x86_64-linux-gnu -L/usr/lib/../lib -L/usr/lib/gcc/x86_64-linux-gnu/4.8/../../.. CMakeFiles/cmTryCompileExec3246683572.dir/CMakeCXXCompilerABI.cpp.o -lstdc++ -lm -lgcc_s -lgcc -lc -lgcc_s -lgcc /usr/lib/gcc/x86_64-linux-gnu/4.8/crtend.o /usr/lib/gcc/x86_64-linux-gnu/4.8/../../../x86_64-linux-gnu/crtn.o
make[1]: Leaving directory `/home/yufeng/research/others/compass/CMakeFiles/CMakeTmp'


Parsed CXX implicit link information from above output:
  link line regex: [^( *|.*[/\])(ld|([^/\]+-)?ld|collect2)[^/\]*( |$)]
  ignore line: [Change Dir: /home/yufeng/research/others/compass/CMakeFiles/CMakeTmp]
  ignore line: []
  ignore line: [Run Build Command:/usr/bin/make "cmTryCompileExec3246683572/fast"]
  ignore line: [/usr/bin/make -f CMakeFiles/cmTryCompileExec3246683572.dir/build.make CMakeFiles/cmTryCompileExec3246683572.dir/build]
  ignore line: [make[1]: Entering directory `/home/yufeng/research/others/compass/CMakeFiles/CMakeTmp']
  ignore line: [/usr/bin/cmake -E cmake_progress_report /home/yufeng/research/others/compass/CMakeFiles/CMakeTmp/CMakeFiles 1]
  ignore line: [Building CXX object CMakeFiles/cmTryCompileExec3246683572.dir/CMakeCXXCompilerABI.cpp.o]
  ignore line: [/usr/bin/c++     -o CMakeFiles/cmTryCompileExec3246683572.dir/CMakeCXXCompilerABI.cpp.o -c /usr/share/cmake-2.8/Modules/CMakeCXXCompilerABI.cpp]
  ignore line: [Linking CXX executable cmTryCompileExec3246683572]
  ignore line: [/usr/bin/cmake -E cmake_link_script CMakeFiles/cmTryCompileExec3246683572.dir/link.txt --verbose=1]
  ignore line: [/usr/bin/c++      -v CMakeFiles/cmTryCompileExec3246683572.dir/CMakeCXXCompilerABI.cpp.o  -o cmTryCompileExec3246683572 -rdynamic  ]
  ignore line: [Using built-in specs.]
  ignore line: [COLLECT_GCC=/usr/bin/c++]
  ignore line: [COLLECT_LTO_WRAPPER=/usr/lib/gcc/x86_64-linux-gnu/4.8/lto-wrapper]
  ignore line: [Target: x86_64-linux-gnu]
  ignore line: [Configured with: ../src/configure -v --with-pkgversion='Ubuntu 4.8.2-19ubuntu1' --with-bugurl=file:///usr/share/doc/gcc-4.8/README.Bugs --enable-languages=c,c++,java,go,d,fortran,objc,obj-c++ --prefix=/usr --program-suffix=-4.8 --enable-shared --enable-linker-build-id --libexecdir=/usr/lib --without-included-gettext --enable-threads=posix --with-gxx-include-dir=/usr/include/c++/4.8 --libdir=/usr/lib --enable-nls --with-sysroot=/ --enable-clocale=gnu --enable-libstdcxx-debug --enable-libstdcxx-time=yes --enable-gnu-unique-object --disable-libmudflap --enable-plugin --with-system-zlib --disable-browser-plugin --enable-java-awt=gtk --enable-gtk-cairo --with-java-home=/usr/lib/jvm/java-1.5.0-gcj-4.8-amd64/jre --enable-java-home --with-jvm-root-dir=/usr/lib/jvm/java-1.5.0-gcj-4.8-amd64 --with-jvm-jar-dir=/usr/lib/jvm-exports/java-1.5.0-gcj-4.8-amd64 --with-arch-directory=amd64 --with-ecj-jar=/usr/share/java/eclipse-ecj.jar --enable-objc-gc --enable-multiarch --disable-werror --with-arch-32=i686 --with-abi=m64 --with-multilib-list=m32,m64,mx32 --with-tune=generic --enable-checking=release --build=x86_64-linux-gnu --host=x86_64-linux-gnu --target=x86_64-linux-gnu]
  ignore line: [Thread model: posix]
  ignore line: [gcc version 4.8.2 (Ubuntu 4.8.2-19ubuntu1) ]
  ignore line: [COMPILER_PATH=/usr/lib/gcc/x86_64-linux-gnu/4.8/:/usr/lib/gcc/x86_64-linux-gnu/4.8/:/usr/lib/gcc/x86_64-linux-gnu/:/usr/lib/gcc/x86_64-linux-gnu/4.8/:/usr/lib/gcc/x86_64-linux-gnu/]
  ignore line: [LIBRARY_PATH=/usr/lib/gcc/x86_64-linux-gnu/4.8/:/usr/lib/gcc/x86_64-linux-gnu/4.8/../../../x86_64-linux-gnu/:/usr/lib/gcc/x86_64-linux-gnu/4.8/../../../../lib/:/lib/x86_64-linux-gnu/:/lib/../lib/:/usr/lib/x86_64-linux-gnu/:/usr/lib/../lib/:/usr/lib/gcc/x86_64-linux-gnu/4.8/../../../:/lib/:/usr/lib/]
  ignore line: [COLLECT_GCC_OPTIONS='-v' '-o' 'cmTryCompileExec3246683572' '-rdynamic' '-shared-libgcc' '-mtune=generic' '-march=x86-64']
  link line: [ /usr/lib/gcc/x86_64-linux-gnu/4.8/collect2 --sysroot=/ --build-id --eh-frame-hdr -m elf_x86_64 --hash-style=gnu --as-needed -export-dynamic -dynamic-linker /lib64/ld-linux-x86-64.so.2 -z relro -o cmTryCompileExec3246683572 /usr/lib/gcc/x86_64-linux-gnu/4.8/../../../x86_64-linux-gnu/crt1.o /usr/lib/gcc/x86_64-linux-gnu/4.8/../../../x86_64-linux-gnu/crti.o /usr/lib/gcc/x86_64-linux-gnu/4.8/crtbegin.o -L/usr/lib/gcc/x86_64-linux-gnu/4.8 -L/usr/lib/gcc/x86_64-linux-gnu/4.8/../../../x86_64-linux-gnu -L/usr/lib/gcc/x86_64-linux-gnu/4.8/../../../../lib -L/lib/x86_64-linux-gnu -L/lib/../lib -L/usr/lib/x86_64-linux-gnu -L/usr/lib/../lib -L/usr/lib/gcc/x86_64-linux-gnu/4.8/../../.. CMakeFiles/cmTryCompileExec3246683572.dir/CMakeCXXCompilerABI.cpp.o -lstdc++ -lm -lgcc_s -lgcc -lc -lgcc_s -lgcc /usr/lib/gcc/x86_64-linux-gnu/4.8/crtend.o /usr/lib/gcc/x86_64-linux-gnu/4.8/../../../x86_64-linux-gnu/crtn.o]
    arg [/usr/lib/gcc/x86_64-linux-gnu/4.8/collect2] ==> ignore
    arg [--sysroot=/] ==> ignore
    arg [--build-id] ==> ignore
    arg [--eh-frame-hdr] ==> ignore
    arg [-m] ==> ignore
    arg [elf_x86_64] ==> ignore
    arg [--hash-style=gnu] ==> ignore
    arg [--as-needed] ==> ignore
    arg [-export-dynamic] ==> ignore
    arg [-dynamic-linker] ==> ignore
    arg [/lib64/ld-linux-x86-64.so.2] ==> ignore
    arg [-zrelro] ==> ignore
    arg [-o] ==> ignore
    arg [cmTryCompileExec3246683572] ==> ignore
    arg [/usr/lib/gcc/x86_64-linux-gnu/4.8/../../../x86_64-linux-gnu/crt1.o] ==> ignore
    arg [/usr/lib/gcc/x86_64-linux-gnu/4.8/../../../x86_64-linux-gnu/crti.o] ==> ignore
    arg [/usr/lib/gcc/x86_64-linux-gnu/4.8/crtbegin.o] ==> ignore
    arg [-L/usr/lib/gcc/x86_64-linux-gnu/4.8] ==> dir [/usr/lib/gcc/x86_64-linux-gnu/4.8]
    arg [-L/usr/lib/gcc/x86_64-linux-gnu/4.8/../../../x86_64-linux-gnu] ==> dir [/usr/lib/gcc/x86_64-linux-gnu/4.8/../../../x86_64-linux-gnu]
    arg [-L/usr/lib/gcc/x86_64-linux-gnu/4.8/../../../../lib] ==> dir [/usr/lib/gcc/x86_64-linux-gnu/4.8/../../../../lib]
    arg [-L/lib/x86_64-linux-gnu] ==> dir [/lib/x86_64-linux-gnu]
    arg [-L/lib/../lib] ==> dir [/lib/../lib]
    arg [-L/usr/lib/x86_64-linux-gnu] ==> dir [/usr/lib/x86_64-linux-gnu]
    arg [-L/usr/lib/../lib] ==> dir [/usr/lib/../lib]
    arg [-L/usr/lib/gcc/x86_64-linux-gnu/4.8/../../..] ==> dir [/usr/lib/gcc/x86_64-linux-gnu/4.8/../../..]
    arg [CMakeFiles/cmTryCompileExec3246683572.dir/CMakeCXXCompilerABI.cpp.o] ==> ignore
    arg [-lstdc++] ==> lib [stdc++]
    arg [-lm] ==> lib [m]
    arg [-lgcc_s] ==> lib [gcc_s]
    arg [-lgcc] ==> lib [gcc]
    arg [-lc] ==> lib [c]
    arg [-lgcc_s] ==> lib [gcc_s]
    arg [-lgcc] ==> lib [gcc]
    arg [/usr/lib/gcc/x86_64-linux-gnu/4.8/crtend.o] ==> ignore
    arg [/usr/lib/gcc/x86_64-linux-gnu/4.8/../../../x86_64-linux-gnu/crtn.o] ==> ignore
  remove lib [gcc_s]
  remove lib [gcc]
  remove lib [gcc_s]
  remove lib [gcc]
  collapse library dir [/usr/lib/gcc/x86_64-linux-gnu/4.8] ==> [/usr/lib/gcc/x86_64-linux-gnu/4.8]
  collapse library dir [/usr/lib/gcc/x86_64-linux-gnu/4.8/../../../x86_64-linux-gnu] ==> [/usr/lib/x86_64-linux-gnu]
  collapse library dir [/usr/lib/gcc/x86_64-linux-gnu/4.8/../../../../lib] ==> [/usr/lib]
  collapse library dir [/lib/x86_64-linux-gnu] ==> [/lib/x86_64-linux-gnu]
  collapse library dir [/lib/../lib] ==> [/lib]
  collapse library dir [/usr/lib/x86_64-linux-gnu] ==> [/usr/lib/x86_64-linux-gnu]
  collapse library dir [/usr/lib/../lib] ==> [/usr/lib]
  collapse library dir [/usr/lib/gcc/x86_64-linux-gnu/4.8/../../..] ==> [/usr/lib]
  implicit libs: [stdc++;m;c]
  implicit dirs: [/usr/lib/gcc/x86_64-linux-gnu/4.8;/usr/lib/x86_64-linux-gnu;/usr/lib;/lib/x86_64-linux-gnu;/lib]
  implicit fwks: []


Determining if the Q_WS_X11 exist passed with the following output:
Change Dir: /home/yufeng/research/others/compass/CMakeFiles/CMakeTmp

Run Build Command:/usr/bin/make "cmTryCompileExec2745889788/fast"
/usr/bin/make -f CMakeFiles/cmTryCompileExec2745889788.dir/build.make CMakeFiles/cmTryCompileExec2745889788.dir/build
make[1]: Entering directory `/home/yufeng/research/others/compass/CMakeFiles/CMakeTmp'
/usr/bin/cmake -E cmake_progress_report /home/yufeng/research/others/compass/CMakeFiles/CMakeTmp/CMakeFiles 1
Building C object CMakeFiles/cmTryCompileExec2745889788.dir/CheckSymbolExists.c.o
/usr/bin/cc   -I/usr/include/qt4    -o CMakeFiles/cmTryCompileExec2745889788.dir/CheckSymbolExists.c.o   -c /home/yufeng/research/others/compass/CMakeFiles/CMakeTmp/CheckSymbolExists.c
Linking C executable cmTryCompileExec2745889788
/usr/bin/cmake -E cmake_link_script CMakeFiles/cmTryCompileExec2745889788.dir/link.txt --verbose=1
/usr/bin/cc       CMakeFiles/cmTryCompileExec2745889788.dir/CheckSymbolExists.c.o  -o cmTryCompileExec2745889788 -rdynamic 
make[1]: Leaving directory `/home/yufeng/research/others/compass/CMakeFiles/CMakeTmp'

File /home/yufeng/research/others/compass/CMakeFiles/CMakeTmp/CheckSymbolExists.c:
/* */
#include <QtCore/qglobal.h>

int main(int argc, char** argv)
{
  (void)argv;
#ifndef Q_WS_X11
  return ((int*)(&Q_WS_X11))[argc];
#else
  (void)argc;
  return 0;
#endif
}

Determining if the function XOpenDisplay exists in the /usr/lib/x86_64-linux-gnu/libX11.so;/usr/lib/x86_64-linux-gnu/libXext.so;/usr/lib/x86_64-linux-gnu/libXft.so;/usr/lib/x86_64-linux-gnu/libXau.so;/usr/lib/x86_64-linux-gnu/libXdmcp.so passed with the following output:
Change Dir: /home/yufeng/research/others/compass/CMakeFiles/CMakeTmp

Run Build Command:/usr/bin/make "cmTryCompileExec681653449/fast"
/usr/bin/make -f CMakeFiles/cmTryCompileExec681653449.dir/build.make CMakeFiles/cmTryCompileExec681653449.dir/build
make[1]: Entering directory `/home/yufeng/research/others/compass/CMakeFiles/CMakeTmp'
/usr/bin/cmake -E cmake_progress_report /home/yufeng/research/others/compass/CMakeFiles/CMakeTmp/CMakeFiles 1
Building C object CMakeFiles/cmTryCompileExec681653449.dir/CheckFunctionExists.c.o
/usr/bin/cc   -DCHECK_FUNCTION_EXISTS=XOpenDisplay   -o CMakeFiles/cmTryCompileExec681653449.dir/CheckFunctionExists.c.o   -c /usr/share/cmake-2.8/Modules/CheckFunctionExists.c
Linking C executable cmTryCompileExec681653449
/usr/bin/cmake -E cmake_link_script CMakeFiles/cmTryCompileExec681653449.dir/link.txt --verbose=1
/usr/bin/cc   -DCHECK_FUNCTION_EXISTS=XOpenDisplay    CMakeFiles/cmTryCompileExec681653449.dir/CheckFunctionExists.c.o  -o cmTryCompileExec681653449 -rdynamic -lX11 -lXext -lXft -lXau -lXdmcp 
make[1]: Leaving directory `/home/yufeng/research/others/compass/CMakeFiles/CMakeTmp'


Determining if the function gethostbyname exists passed with the following output:
Change Dir: /home/yufeng/research/others/compass/CMakeFiles/CMakeTmp

Run Build Command:/usr/bin/make "cmTryCompileExec2104210503/fast"
/usr/bin/make -f CMakeFiles/cmTryCompileExec2104210503.dir/build.make CMakeFiles/cmTryCompileExec2104210503.dir/build
make[1]: Entering directory `/home/yufeng/research/others/compass/CMakeFiles/CMakeTmp'
/usr/bin/cmake -E cmake_progress_report /home/yufeng/research/others/compass/CMakeFiles/CMakeTmp/CMakeFiles 1
Building C object CMakeFiles/cmTryCompileExec2104210503.dir/CheckFunctionExists.c.o
/usr/bin/cc   -DCHECK_FUNCTION_EXISTS=gethostbyname   -o CMakeFiles/cmTryCompileExec2104210503.dir/CheckFunctionExists.c.o   -c /usr/share/cmake-2.8/Modules/CheckFunctionExists.c
Linking C executable cmTryCompileExec2104210503
/usr/bin/cmake -E cmake_link_script CMakeFiles/cmTryCompileExec2104210503.dir/link.txt --verbose=1
/usr/bin/cc   -DCHECK_FUNCTION_EXISTS=gethostbyname    CMakeFiles/cmTryCompileExec2104210503.dir/CheckFunctionExists.c.o  -o cmTryCompileExec2104210503 -rdynamic 
make[1]: Leaving directory `/home/yufeng/research/others/compass/CMakeFiles/CMakeTmp'


Determining if the function connect exists passed with the following output:
Change Dir: /home/yufeng/research/others/compass/CMakeFiles/CMakeTmp

Run Build Command:/usr/bin/make "cmTryCompileExec789664969/fast"
/usr/bin/make -f CMakeFiles/cmTryCompileExec789664969.dir/build.make CMakeFiles/cmTryCompileExec789664969.dir/build
make[1]: Entering directory `/home/yufeng/research/others/compass/CMakeFiles/CMakeTmp'
/usr/bin/cmake -E cmake_progress_report /home/yufeng/research/others/compass/CMakeFiles/CMakeTmp/CMakeFiles 1
Building C object CMakeFiles/cmTryCompileExec789664969.dir/CheckFunctionExists.c.o
/usr/bin/cc   -DCHECK_FUNCTION_EXISTS=connect   -o CMakeFiles/cmTryCompileExec789664969.dir/CheckFunctionExists.c.o   -c /usr/share/cmake-2.8/Modules/CheckFunctionExists.c
Linking C executable cmTryCompileExec789664969
/usr/bin/cmake -E cmake_link_script CMakeFiles/cmTryCompileExec789664969.dir/link.txt --verbose=1
/usr/bin/cc   -DCHECK_FUNCTION_EXISTS=connect    CMakeFiles/cmTryCompileExec789664969.dir/CheckFunctionExists.c.o  -o cmTryCompileExec789664969 -rdynamic 
make[1]: Leaving directory `/home/yufeng/research/others/compass/CMakeFiles/CMakeTmp'


Determining if the function remove exists passed with the following output:
Change Dir: /home/yufeng/research/others/compass/CMakeFiles/CMakeTmp

Run Build Command:/usr/bin/make "cmTryCompileExec1576566557/fast"
/usr/bin/make -f CMakeFiles/cmTryCompileExec1576566557.dir/build.make CMakeFiles/cmTryCompileExec1576566557.dir/build
make[1]: Entering directory `/home/yufeng/research/others/compass/CMakeFiles/CMakeTmp'
/usr/bin/cmake -E cmake_progress_report /home/yufeng/research/others/compass/CMakeFiles/CMakeTmp/CMakeFiles 1
Building C object CMakeFiles/cmTryCompileExec1576566557.dir/CheckFunctionExists.c.o
/usr/bin/cc   -DCHECK_FUNCTION_EXISTS=remove   -o CMakeFiles/cmTryCompileExec1576566557.dir/CheckFunctionExists.c.o   -c /usr/share/cmake-2.8/Modules/CheckFunctionExists.c
Linking C executable cmTryCompileExec1576566557
/usr/bin/cmake -E cmake_link_script CMakeFiles/cmTryCompileExec1576566557.dir/link.txt --verbose=1
/usr/bin/cc   -DCHECK_FUNCTION_EXISTS=remove    CMakeFiles/cmTryCompileExec1576566557.dir/CheckFunctionExists.c.o  -o cmTryCompileExec1576566557 -rdynamic 
make[1]: Leaving directory `/home/yufeng/research/others/compass/CMakeFiles/CMakeTmp'


Determining if the function shmat exists passed with the following output:
Change Dir: /home/yufeng/research/others/compass/CMakeFiles/CMakeTmp

Run Build Command:/usr/bin/make "cmTryCompileExec2001428825/fast"
/usr/bin/make -f CMakeFiles/cmTryCompileExec2001428825.dir/build.make CMakeFiles/cmTryCompileExec2001428825.dir/build
make[1]: Entering directory `/home/yufeng/research/others/compass/CMakeFiles/CMakeTmp'
/usr/bin/cmake -E cmake_progress_report /home/yufeng/research/others/compass/CMakeFiles/CMakeTmp/CMakeFiles 1
Building C object CMakeFiles/cmTryCompileExec2001428825.dir/CheckFunctionExists.c.o
/usr/bin/cc   -DCHECK_FUNCTION_EXISTS=shmat   -o CMakeFiles/cmTryCompileExec2001428825.dir/CheckFunctionExists.c.o   -c /usr/share/cmake-2.8/Modules/CheckFunctionExists.c
Linking C executable cmTryCompileExec2001428825
/usr/bin/cmake -E cmake_link_script CMakeFiles/cmTryCompileExec2001428825.dir/link.txt --verbose=1
/usr/bin/cc   -DCHECK_FUNCTION_EXISTS=shmat    CMakeFiles/cmTryCompileExec2001428825.dir/CheckFunctionExists.c.o  -o cmTryCompileExec2001428825 -rdynamic 
make[1]: Leaving directory `/home/yufeng/research/others/compass/CMakeFiles/CMakeTmp'


Determining if the function IceConnectionNumber exists in the ICE passed with the following output:
Change Dir: /home/yufeng/research/others/compass/CMakeFiles/CMakeTmp

Run Build Command:/usr/bin/make "cmTryCompileExec4229043563/fast"
/usr/bin/make -f CMakeFiles/cmTryCompileExec4229043563.dir/build.make CMakeFiles/cmTryCompileExec4229043563.dir/build
make[1]: Entering directory `/home/yufeng/research/others/compass/CMakeFiles/CMakeTmp'
/usr/bin/cmake -E cmake_progress_report /home/yufeng/research/others/compass/CMakeFiles/CMakeTmp/CMakeFiles 1
Building C object CMakeFiles/cmTryCompileExec4229043563.dir/CheckFunctionExists.c.o
/usr/bin/cc   -DCHECK_FUNCTION_EXISTS=IceConnectionNumber   -o CMakeFiles/cmTryCompileExec4229043563.dir/CheckFunctionExists.c.o   -c /usr/share/cmake-2.8/Modules/CheckFunctionExists.c
Linking C executable cmTryCompileExec4229043563
/usr/bin/cmake -E cmake_link_script CMakeFiles/cmTryCompileExec4229043563.dir/link.txt --verbose=1
/usr/bin/cc   -DCHECK_FUNCTION_EXISTS=IceConnectionNumber    CMakeFiles/cmTryCompileExec4229043563.dir/CheckFunctionExists.c.o  -o cmTryCompileExec4229043563 -rdynamic -lICE 
make[1]: Leaving directory `/home/yufeng/research/others/compass/CMakeFiles/CMakeTmp'


Determining if files pthread.h exist passed with the following output:
Change Dir: /home/yufeng/research/others/compass/CMakeFiles/CMakeTmp

Run Build Command:/usr/bin/make "cmTryCompileExec3303107969/fast"
/usr/bin/make -f CMakeFiles/cmTryCompileExec3303107969.dir/build.make CMakeFiles/cmTryCompileExec3303107969.dir/build
make[1]: Entering directory `/home/yufeng/research/others/compass/CMakeFiles/CMakeTmp'
/usr/bin/cmake -E cmake_progress_report /home/yufeng/research/others/compass/CMakeFiles/CMakeTmp/CMakeFiles 1
Building C object CMakeFiles/cmTryCompileExec3303107969.dir/CheckIncludeFiles.c.o
/usr/bin/cc    -o CMakeFiles/cmTryCompileExec3303107969.dir/CheckIncludeFiles.c.o   -c /home/yufeng/research/others/compass/CMakeFiles/CMakeTmp/CheckIncludeFiles.c
Linking C executable cmTryCompileExec3303107969
/usr/bin/cmake -E cmake_link_script CMakeFiles/cmTryCompileExec3303107969.dir/link.txt --verbose=1
/usr/bin/cc       CMakeFiles/cmTryCompileExec3303107969.dir/CheckIncludeFiles.c.o  -o cmTryCompileExec3303107969 -rdynamic 
make[1]: Leaving directory `/home/yufeng/research/others/compass/CMakeFiles/CMakeTmp'


Determining if the function pthread_create exists in the pthread passed with the following output:
Change Dir: /home/yufeng/research/others/compass/CMakeFiles/CMakeTmp

Run Build Command:/usr/bin/make "cmTryCompileExec3050130118/fast"
/usr/bin/make -f CMakeFiles/cmTryCompileExec3050130118.dir/build.make CMakeFiles/cmTryCompileExec3050130118.dir/build
make[1]: Entering directory `/home/yufeng/research/others/compass/CMakeFiles/CMakeTmp'
/usr/bin/cmake -E cmake_progress_report /home/yufeng/research/others/compass/CMakeFiles/CMakeTmp/CMakeFiles 1
Building C object CMakeFiles/cmTryCompileExec3050130118.dir/CheckFunctionExists.c.o
/usr/bin/cc   -DCHECK_FUNCTION_EXISTS=pthread_create   -o CMakeFiles/cmTryCompileExec3050130118.dir/CheckFunctionExists.c.o   -c /usr/share/cmake-2.8/Modules/CheckFunctionExists.c
Linking C executable cmTryCompileExec3050130118
/usr/bin/cmake -E cmake_link_script CMakeFiles/cmTryCompileExec3050130118.dir/link.txt --verbose=1
/usr/bin/cc   -DCHECK_FUNCTION_EXISTS=pthread_create    CMakeFiles/cmTryCompileExec3050130118.dir/CheckFunctionExists.c.o  -o cmTryCompileExec3050130118 -rdynamic -lpthread 
make[1]: Leaving directory `/home/yufeng/research/others/compass/CMakeFiles/CMakeTmp'


Determining if the _POSIX_TIMERS exist passed with the following output:
Change Dir: /home/yufeng/research/others/compass/CMakeFiles/CMakeTmp

Run Build Command:/usr/bin/make "cmTryCompileExec1269125966/fast"
/usr/bin/make -f CMakeFiles/cmTryCompileExec1269125966.dir/build.make CMakeFiles/cmTryCompileExec1269125966.dir/build
make[1]: Entering directory `/home/yufeng/research/others/compass/CMakeFiles/CMakeTmp'
/usr/bin/cmake -E cmake_progress_report /home/yufeng/research/others/compass/CMakeFiles/CMakeTmp/CMakeFiles 1
Building C object CMakeFiles/cmTryCompileExec1269125966.dir/CheckSymbolExists.c.o
/usr/bin/cc    -o CMakeFiles/cmTryCompileExec1269125966.dir/CheckSymbolExists.c.o   -c /home/yufeng/research/others/compass/CMakeFiles/CMakeTmp/CheckSymbolExists.c
Linking C executable cmTryCompileExec1269125966
/usr/bin/cmake -E cmake_link_script CMakeFiles/cmTryCompileExec1269125966.dir/link.txt --verbose=1
/usr/bin/cc       CMakeFiles/cmTryCompileExec1269125966.dir/CheckSymbolExists.c.o  -o cmTryCompileExec1269125966 -rdynamic -lrt 
make[1]: Leaving directory `/home/yufeng/research/others/compass/CMakeFiles/CMakeTmp'

File /home/yufeng/research/others/compass/CMakeFiles/CMakeTmp/CheckSymbolExists.c:
/* */
#include <unistd.h>
#include <time.h>

int main(int argc, char** argv)
{
  (void)argv;
#ifndef _POSIX_TIMERS
  return ((int*)(&_POSIX_TIMERS))[argc];
#else
  (void)argc;
  return 0;
#endif
}

Performing C++ SOURCE FILE Test _OFFT_IS_64BIT succeded with the following output:
Change Dir: /home/yufeng/research/others/compass/CMakeFiles/CMakeTmp

Run Build Command:/usr/bin/make "cmTryCompileExec657090845/fast"
/usr/bin/make -f CMakeFiles/cmTryCompileExec657090845.dir/build.make CMakeFiles/cmTryCompileExec657090845.dir/build
make[1]: Entering directory `/home/yufeng/research/others/compass/CMakeFiles/CMakeTmp'
/usr/bin/cmake -E cmake_progress_report /home/yufeng/research/others/compass/CMakeFiles/CMakeTmp/CMakeFiles 1
Building CXX object CMakeFiles/cmTryCompileExec657090845.dir/src.cxx.o
/usr/bin/c++    -D_OFFT_IS_64BIT   -o CMakeFiles/cmTryCompileExec657090845.dir/src.cxx.o -c /home/yufeng/research/others/compass/CMakeFiles/CMakeTmp/src.cxx
Linking CXX executable cmTryCompileExec657090845
/usr/bin/cmake -E cmake_link_script CMakeFiles/cmTryCompileExec657090845.dir/link.txt --verbose=1
/usr/bin/c++    -D_OFFT_IS_64BIT    CMakeFiles/cmTryCompileExec657090845.dir/src.cxx.o  -o cmTryCompileExec657090845 -rdynamic 
make[1]: Leaving directory `/home/yufeng/research/others/compass/CMakeFiles/CMakeTmp'

Source file was:

#include <sys/types.h>
 /* Check that off_t can represent 2**63 - 1 correctly.
    We can't simply define LARGE_OFF_T to be 9223372036854775807,
    since some C++ compilers masquerading as C compilers
    incorrectly reject 9223372036854775807.  */
#define LARGE_OFF_T (((off_t) 1 << 62) - 1 + ((off_t) 1 << 62))

  int off_t_is_large[(LARGE_OFF_T % 2147483629 == 721 && LARGE_OFF_T % 2147483647 == 1) ? 1 : -1];
  int main() { return 0; }

Performing C++ SOURCE FILE Test HAVE_FPIE_SUPPORT succeded with the following output:
Change Dir: /home/yufeng/research/others/compass/CMakeFiles/CMakeTmp

Run Build Command:/usr/bin/make "cmTryCompileExec3355578864/fast"
/usr/bin/make -f CMakeFiles/cmTryCompileExec3355578864.dir/build.make CMakeFiles/cmTryCompileExec3355578864.dir/build
make[1]: Entering directory `/home/yufeng/research/others/compass/CMakeFiles/CMakeTmp'
/usr/bin/cmake -E cmake_progress_report /home/yufeng/research/others/compass/CMakeFiles/CMakeTmp/CMakeFiles 1
Building CXX object CMakeFiles/cmTryCompileExec3355578864.dir/src.cxx.o
/usr/bin/c++    -Wnon-virtual-dtor -Wno-long-long -Wundef -Wcast-align -Wchar-subscripts -Wall -W -Wpointer-arith -Wformat-security -fno-exceptions -DQT_NO_EXCEPTIONS -fno-check-new -fno-common -DHAVE_FPIE_SUPPORT   -fPIE -o CMakeFiles/cmTryCompileExec3355578864.dir/src.cxx.o -c /home/yufeng/research/others/compass/CMakeFiles/CMakeTmp/src.cxx
Linking CXX executable cmTryCompileExec3355578864
/usr/bin/cmake -E cmake_link_script CMakeFiles/cmTryCompileExec3355578864.dir/link.txt --verbose=1
/usr/bin/c++    -Wnon-virtual-dtor -Wno-long-long -Wundef -Wcast-align -Wchar-subscripts -Wall -W -Wpointer-arith -Wformat-security -fno-exceptions -DQT_NO_EXCEPTIONS -fno-check-new -fno-common -DHAVE_FPIE_SUPPORT    CMakeFiles/cmTryCompileExec3355578864.dir/src.cxx.o  -o cmTryCompileExec3355578864 -rdynamic 
make[1]: Leaving directory `/home/yufeng/research/others/compass/CMakeFiles/CMakeTmp'

Source file was:
int main() { return 0;}
Performing C++ SOURCE FILE Test __KDE_HAVE_W_OVERLOADED_VIRTUAL succeded with the following output:
Change Dir: /home/yufeng/research/others/compass/CMakeFiles/CMakeTmp

Run Build Command:/usr/bin/make "cmTryCompileExec3204601283/fast"
/usr/bin/make -f CMakeFiles/cmTryCompileExec3204601283.dir/build.make CMakeFiles/cmTryCompileExec3204601283.dir/build
make[1]: Entering directory `/home/yufeng/research/others/compass/CMakeFiles/CMakeTmp'
/usr/bin/cmake -E cmake_progress_report /home/yufeng/research/others/compass/CMakeFiles/CMakeTmp/CMakeFiles 1
Building CXX object CMakeFiles/cmTryCompileExec3204601283.dir/src.cxx.o
/usr/bin/c++    -Wnon-virtual-dtor -Wno-long-long -Wundef -Wcast-align -Wchar-subscripts -Wall -W -Wpointer-arith -Wformat-security -fno-exceptions -DQT_NO_EXCEPTIONS -fno-check-new -fno-common -D__KDE_HAVE_W_OVERLOADED_VIRTUAL   -Woverloaded-virtual -o CMakeFiles/cmTryCompileExec3204601283.dir/src.cxx.o -c /home/yufeng/research/others/compass/CMakeFiles/CMakeTmp/src.cxx
Linking CXX executable cmTryCompileExec3204601283
/usr/bin/cmake -E cmake_link_script CMakeFiles/cmTryCompileExec3204601283.dir/link.txt --verbose=1
/usr/bin/c++    -Wnon-virtual-dtor -Wno-long-long -Wundef -Wcast-align -Wchar-subscripts -Wall -W -Wpointer-arith -Wformat-security -fno-exceptions -DQT_NO_EXCEPTIONS -fno-check-new -fno-common -D__KDE_HAVE_W_OVERLOADED_VIRTUAL    CMakeFiles/cmTryCompileExec3204601283.dir/src.cxx.o  -o cmTryCompileExec3204601283 -rdynamic 
make[1]: Leaving directory `/home/yufeng/research/others/compass/CMakeFiles/CMakeTmp'

Source file was:
int main() { return 0;}
Performing C++ SOURCE FILE Test __KDE_HAVE_GCC_VISIBILITY succeded with the following output:
Change Dir: /home/yufeng/research/others/compass/CMakeFiles/CMakeTmp

Run Build Command:/usr/bin/make "cmTryCompileExec514796080/fast"
/usr/bin/make -f CMakeFiles/cmTryCompileExec514796080.dir/build.make CMakeFiles/cmTryCompileExec514796080.dir/build
make[1]: Entering directory `/home/yufeng/research/others/compass/CMakeFiles/CMakeTmp'
/usr/bin/cmake -E cmake_progress_report /home/yufeng/research/others/compass/CMakeFiles/CMakeTmp/CMakeFiles 1
Building CXX object CMakeFiles/cmTryCompileExec514796080.dir/src.cxx.o
/usr/bin/c++    -Wnon-virtual-dtor -Wno-long-long -Wundef -Wcast-align -Wchar-subscripts -Wall -W -Wpointer-arith -Wformat-security -fno-exceptions -DQT_NO_EXCEPTIONS -fno-check-new -fno-common -Woverloaded-virtual -D__KDE_HAVE_GCC_VISIBILITY   -fvisibility=hidden -o CMakeFiles/cmTryCompileExec514796080.dir/src.cxx.o -c /home/yufeng/research/others/compass/CMakeFiles/CMakeTmp/src.cxx
Linking CXX executable cmTryCompileExec514796080
/usr/bin/cmake -E cmake_link_script CMakeFiles/cmTryCompileExec514796080.dir/link.txt --verbose=1
/usr/bin/c++    -Wnon-virtual-dtor -Wno-long-long -Wundef -Wcast-align -Wchar-subscripts -Wall -W -Wpointer-arith -Wformat-security -fno-exceptions -DQT_NO_EXCEPTIONS -fno-check-new -fno-common -Woverloaded-virtual -D__KDE_HAVE_GCC_VISIBILITY    CMakeFiles/cmTryCompileExec514796080.dir/src.cxx.o  -o cmTryCompileExec514796080 -rdynamic 
make[1]: Leaving directory `/home/yufeng/research/others/compass/CMakeFiles/CMakeTmp'

Source file was:
int main() { return 0;}
